<?xml version="1.0" encoding="UTF-8"?>
<testsuite xmlns:xsi="http://www.w3.org/2001/XMLSchema-instance" xsi:noNamespaceSchemaLocation="https://maven.apache.org/surefire/maven-surefire-plugin/xsd/surefire-test-report.xsd" name="com.springboot.CartOfferApplicationTests" time="3.269" tests="21" errors="0" skipped="0" failures="0">
  <properties>
    <property name="gopherProxySet" value="false"/>
    <property name="awt.toolkit" value="sun.lwawt.macosx.LWCToolkit"/>
    <property name="java.specification.version" value="11"/>
    <property name="sun.cpu.isalist" value=""/>
    <property name="sun.jnu.encoding" value="UTF-8"/>
    <property name="java.class.path" value="/Users/abhishekmorwal/Workspace/sample-cart-offer/target/test-classes:/Users/abhishekmorwal/Workspace/sample-cart-offer/target/classes:/Users/abhishekmorwal/.m2/repository/org/springframework/boot/spring-boot-starter-web/2.0.4.RELEASE/spring-boot-starter-web-2.0.4.RELEASE.jar:/Users/abhishekmorwal/.m2/repository/org/springframework/boot/spring-boot-starter/2.0.4.RELEASE/spring-boot-starter-2.0.4.RELEASE.jar:/Users/abhishekmorwal/.m2/repository/org/springframework/boot/spring-boot/2.0.4.RELEASE/spring-boot-2.0.4.RELEASE.jar:/Users/abhishekmorwal/.m2/repository/org/springframework/boot/spring-boot-autoconfigure/2.0.4.RELEASE/spring-boot-autoconfigure-2.0.4.RELEASE.jar:/Users/abhishekmorwal/.m2/repository/org/springframework/boot/spring-boot-starter-logging/2.0.4.RELEASE/spring-boot-starter-logging-2.0.4.RELEASE.jar:/Users/abhishekmorwal/.m2/repository/ch/qos/logback/logback-classic/1.2.3/logback-classic-1.2.3.jar:/Users/abhishekmorwal/.m2/repository/ch/qos/logback/logback-core/1.2.3/logback-core-1.2.3.jar:/Users/abhishekmorwal/.m2/repository/org/apache/logging/log4j/log4j-to-slf4j/2.10.0/log4j-to-slf4j-2.10.0.jar:/Users/abhishekmorwal/.m2/repository/org/apache/logging/log4j/log4j-api/2.10.0/log4j-api-2.10.0.jar:/Users/abhishekmorwal/.m2/repository/org/slf4j/jul-to-slf4j/1.7.25/jul-to-slf4j-1.7.25.jar:/Users/abhishekmorwal/.m2/repository/javax/annotation/javax.annotation-api/1.3.2/javax.annotation-api-1.3.2.jar:/Users/abhishekmorwal/.m2/repository/org/yaml/snakeyaml/1.19/snakeyaml-1.19.jar:/Users/abhishekmorwal/.m2/repository/org/springframework/boot/spring-boot-starter-json/2.0.4.RELEASE/spring-boot-starter-json-2.0.4.RELEASE.jar:/Users/abhishekmorwal/.m2/repository/com/fasterxml/jackson/core/jackson-databind/2.9.6/jackson-databind-2.9.6.jar:/Users/abhishekmorwal/.m2/repository/com/fasterxml/jackson/core/jackson-annotations/2.9.0/jackson-annotations-2.9.0.jar:/Users/abhishekmorwal/.m2/repository/com/fasterxml/jackson/core/jackson-core/2.9.6/jackson-core-2.9.6.jar:/Users/abhishekmorwal/.m2/repository/com/fasterxml/jackson/datatype/jackson-datatype-jdk8/2.9.6/jackson-datatype-jdk8-2.9.6.jar:/Users/abhishekmorwal/.m2/repository/com/fasterxml/jackson/datatype/jackson-datatype-jsr310/2.9.6/jackson-datatype-jsr310-2.9.6.jar:/Users/abhishekmorwal/.m2/repository/com/fasterxml/jackson/module/jackson-module-parameter-names/2.9.6/jackson-module-parameter-names-2.9.6.jar:/Users/abhishekmorwal/.m2/repository/org/springframework/boot/spring-boot-starter-tomcat/2.0.4.RELEASE/spring-boot-starter-tomcat-2.0.4.RELEASE.jar:/Users/abhishekmorwal/.m2/repository/org/apache/tomcat/embed/tomcat-embed-core/8.5.32/tomcat-embed-core-8.5.32.jar:/Users/abhishekmorwal/.m2/repository/org/apache/tomcat/embed/tomcat-embed-el/8.5.32/tomcat-embed-el-8.5.32.jar:/Users/abhishekmorwal/.m2/repository/org/apache/tomcat/embed/tomcat-embed-websocket/8.5.32/tomcat-embed-websocket-8.5.32.jar:/Users/abhishekmorwal/.m2/repository/org/hibernate/validator/hibernate-validator/6.0.11.Final/hibernate-validator-6.0.11.Final.jar:/Users/abhishekmorwal/.m2/repository/javax/validation/validation-api/2.0.1.Final/validation-api-2.0.1.Final.jar:/Users/abhishekmorwal/.m2/repository/org/jboss/logging/jboss-logging/3.3.2.Final/jboss-logging-3.3.2.Final.jar:/Users/abhishekmorwal/.m2/repository/com/fasterxml/classmate/1.3.4/classmate-1.3.4.jar:/Users/abhishekmorwal/.m2/repository/org/openjfx/javafx.base/11.0.0-SNAPSHOT/javafx.base-11.0.0-SNAPSHOT.jar:/Users/abhishekmorwal/.m2/repository/org/openjfx/javafx.base/11.0.0-SNAPSHOT/javafx.base-11.0.0-SNAPSHOT-linux.jar:/Users/abhishekmorwal/.m2/repository/org/openjfx/javafx.base/11.0.0-SNAPSHOT/javafx.base-11.0.0-SNAPSHOT-mac.jar:/Users/abhishekmorwal/.m2/repository/org/openjfx/javafx.base/11.0.0-SNAPSHOT/javafx.base-11.0.0-SNAPSHOT-win.jar:/Users/abhishekmorwal/.m2/repository/org/springframework/spring-web/5.0.8.RELEASE/spring-web-5.0.8.RELEASE.jar:/Users/abhishekmorwal/.m2/repository/org/springframework/spring-beans/5.0.8.RELEASE/spring-beans-5.0.8.RELEASE.jar:/Users/abhishekmorwal/.m2/repository/org/springframework/spring-webmvc/5.0.8.RELEASE/spring-webmvc-5.0.8.RELEASE.jar:/Users/abhishekmorwal/.m2/repository/org/springframework/spring-aop/5.0.8.RELEASE/spring-aop-5.0.8.RELEASE.jar:/Users/abhishekmorwal/.m2/repository/org/springframework/spring-context/5.0.8.RELEASE/spring-context-5.0.8.RELEASE.jar:/Users/abhishekmorwal/.m2/repository/org/springframework/spring-expression/5.0.8.RELEASE/spring-expression-5.0.8.RELEASE.jar:/Users/abhishekmorwal/.m2/repository/org/apache/commons/commons-lang3/3.7/commons-lang3-3.7.jar:/Users/abhishekmorwal/.m2/repository/org/springframework/boot/spring-boot-starter-test/2.0.4.RELEASE/spring-boot-starter-test-2.0.4.RELEASE.jar:/Users/abhishekmorwal/.m2/repository/org/springframework/boot/spring-boot-test/2.0.4.RELEASE/spring-boot-test-2.0.4.RELEASE.jar:/Users/abhishekmorwal/.m2/repository/org/springframework/boot/spring-boot-test-autoconfigure/2.0.4.RELEASE/spring-boot-test-autoconfigure-2.0.4.RELEASE.jar:/Users/abhishekmorwal/.m2/repository/com/jayway/jsonpath/json-path/2.4.0/json-path-2.4.0.jar:/Users/abhishekmorwal/.m2/repository/net/minidev/json-smart/2.3/json-smart-2.3.jar:/Users/abhishekmorwal/.m2/repository/net/minidev/accessors-smart/1.2/accessors-smart-1.2.jar:/Users/abhishekmorwal/.m2/repository/org/ow2/asm/asm/5.0.4/asm-5.0.4.jar:/Users/abhishekmorwal/.m2/repository/org/slf4j/slf4j-api/1.7.25/slf4j-api-1.7.25.jar:/Users/abhishekmorwal/.m2/repository/junit/junit/4.12/junit-4.12.jar:/Users/abhishekmorwal/.m2/repository/org/assertj/assertj-core/3.9.1/assertj-core-3.9.1.jar:/Users/abhishekmorwal/.m2/repository/org/mockito/mockito-core/2.15.0/mockito-core-2.15.0.jar:/Users/abhishekmorwal/.m2/repository/net/bytebuddy/byte-buddy/1.7.11/byte-buddy-1.7.11.jar:/Users/abhishekmorwal/.m2/repository/net/bytebuddy/byte-buddy-agent/1.7.11/byte-buddy-agent-1.7.11.jar:/Users/abhishekmorwal/.m2/repository/org/objenesis/objenesis/2.6/objenesis-2.6.jar:/Users/abhishekmorwal/.m2/repository/org/hamcrest/hamcrest-core/1.3/hamcrest-core-1.3.jar:/Users/abhishekmorwal/.m2/repository/org/hamcrest/hamcrest-library/1.3/hamcrest-library-1.3.jar:/Users/abhishekmorwal/.m2/repository/org/skyscreamer/jsonassert/1.5.0/jsonassert-1.5.0.jar:/Users/abhishekmorwal/.m2/repository/com/vaadin/external/google/android-json/0.0.20131108.vaadin1/android-json-0.0.20131108.vaadin1.jar:/Users/abhishekmorwal/.m2/repository/org/springframework/spring-core/5.0.8.RELEASE/spring-core-5.0.8.RELEASE.jar:/Users/abhishekmorwal/.m2/repository/org/springframework/spring-jcl/5.0.8.RELEASE/spring-jcl-5.0.8.RELEASE.jar:/Users/abhishekmorwal/.m2/repository/org/springframework/spring-test/5.0.8.RELEASE/spring-test-5.0.8.RELEASE.jar:/Users/abhishekmorwal/.m2/repository/org/xmlunit/xmlunit-core/2.5.1/xmlunit-core-2.5.1.jar:/Users/abhishekmorwal/.m2/repository/org/springframework/boot/spring-boot-configuration-processor/2.0.4.RELEASE/spring-boot-configuration-processor-2.0.4.RELEASE.jar:/Users/abhishekmorwal/.m2/repository/org/projectlombok/lombok/1.16.22/lombok-1.16.22.jar:"/>
    <property name="java.vm.vendor" value="Amazon.com Inc."/>
    <property name="sun.arch.data.model" value="64"/>
    <property name="java.vendor.url" value="https://aws.amazon.com/corretto/"/>
    <property name="user.timezone" value=""/>
    <property name="java.vm.specification.version" value="11"/>
    <property name="os.name" value="Mac OS X"/>
    <property name="sun.java.launcher" value="SUN_STANDARD"/>
    <property name="user.country" value="IN"/>
    <property name="sun.boot.library.path" value="/Users/abhishekmorwal/Library/Java/JavaVirtualMachines/corretto-11.0.27/Contents/Home/lib"/>
    <property name="sun.java.command" value="/Users/abhishekmorwal/Workspace/sample-cart-offer/target/surefire/surefirebooter5810969922834503417.jar /Users/abhishekmorwal/Workspace/sample-cart-offer/target/surefire 2025-04-27T19-47-37_481-jvmRun1 surefire17572352929001643145tmp surefire_016722086701354259261tmp"/>
    <property name="http.nonProxyHosts" value="local|*.local|169.254/16|*.169.254/16"/>
    <property name="jdk.debug" value="release"/>
    <property name="surefire.test.class.path" value="/Users/abhishekmorwal/Workspace/sample-cart-offer/target/test-classes:/Users/abhishekmorwal/Workspace/sample-cart-offer/target/classes:/Users/abhishekmorwal/.m2/repository/org/springframework/boot/spring-boot-starter-web/2.0.4.RELEASE/spring-boot-starter-web-2.0.4.RELEASE.jar:/Users/abhishekmorwal/.m2/repository/org/springframework/boot/spring-boot-starter/2.0.4.RELEASE/spring-boot-starter-2.0.4.RELEASE.jar:/Users/abhishekmorwal/.m2/repository/org/springframework/boot/spring-boot/2.0.4.RELEASE/spring-boot-2.0.4.RELEASE.jar:/Users/abhishekmorwal/.m2/repository/org/springframework/boot/spring-boot-autoconfigure/2.0.4.RELEASE/spring-boot-autoconfigure-2.0.4.RELEASE.jar:/Users/abhishekmorwal/.m2/repository/org/springframework/boot/spring-boot-starter-logging/2.0.4.RELEASE/spring-boot-starter-logging-2.0.4.RELEASE.jar:/Users/abhishekmorwal/.m2/repository/ch/qos/logback/logback-classic/1.2.3/logback-classic-1.2.3.jar:/Users/abhishekmorwal/.m2/repository/ch/qos/logback/logback-core/1.2.3/logback-core-1.2.3.jar:/Users/abhishekmorwal/.m2/repository/org/apache/logging/log4j/log4j-to-slf4j/2.10.0/log4j-to-slf4j-2.10.0.jar:/Users/abhishekmorwal/.m2/repository/org/apache/logging/log4j/log4j-api/2.10.0/log4j-api-2.10.0.jar:/Users/abhishekmorwal/.m2/repository/org/slf4j/jul-to-slf4j/1.7.25/jul-to-slf4j-1.7.25.jar:/Users/abhishekmorwal/.m2/repository/javax/annotation/javax.annotation-api/1.3.2/javax.annotation-api-1.3.2.jar:/Users/abhishekmorwal/.m2/repository/org/yaml/snakeyaml/1.19/snakeyaml-1.19.jar:/Users/abhishekmorwal/.m2/repository/org/springframework/boot/spring-boot-starter-json/2.0.4.RELEASE/spring-boot-starter-json-2.0.4.RELEASE.jar:/Users/abhishekmorwal/.m2/repository/com/fasterxml/jackson/core/jackson-databind/2.9.6/jackson-databind-2.9.6.jar:/Users/abhishekmorwal/.m2/repository/com/fasterxml/jackson/core/jackson-annotations/2.9.0/jackson-annotations-2.9.0.jar:/Users/abhishekmorwal/.m2/repository/com/fasterxml/jackson/core/jackson-core/2.9.6/jackson-core-2.9.6.jar:/Users/abhishekmorwal/.m2/repository/com/fasterxml/jackson/datatype/jackson-datatype-jdk8/2.9.6/jackson-datatype-jdk8-2.9.6.jar:/Users/abhishekmorwal/.m2/repository/com/fasterxml/jackson/datatype/jackson-datatype-jsr310/2.9.6/jackson-datatype-jsr310-2.9.6.jar:/Users/abhishekmorwal/.m2/repository/com/fasterxml/jackson/module/jackson-module-parameter-names/2.9.6/jackson-module-parameter-names-2.9.6.jar:/Users/abhishekmorwal/.m2/repository/org/springframework/boot/spring-boot-starter-tomcat/2.0.4.RELEASE/spring-boot-starter-tomcat-2.0.4.RELEASE.jar:/Users/abhishekmorwal/.m2/repository/org/apache/tomcat/embed/tomcat-embed-core/8.5.32/tomcat-embed-core-8.5.32.jar:/Users/abhishekmorwal/.m2/repository/org/apache/tomcat/embed/tomcat-embed-el/8.5.32/tomcat-embed-el-8.5.32.jar:/Users/abhishekmorwal/.m2/repository/org/apache/tomcat/embed/tomcat-embed-websocket/8.5.32/tomcat-embed-websocket-8.5.32.jar:/Users/abhishekmorwal/.m2/repository/org/hibernate/validator/hibernate-validator/6.0.11.Final/hibernate-validator-6.0.11.Final.jar:/Users/abhishekmorwal/.m2/repository/javax/validation/validation-api/2.0.1.Final/validation-api-2.0.1.Final.jar:/Users/abhishekmorwal/.m2/repository/org/jboss/logging/jboss-logging/3.3.2.Final/jboss-logging-3.3.2.Final.jar:/Users/abhishekmorwal/.m2/repository/com/fasterxml/classmate/1.3.4/classmate-1.3.4.jar:/Users/abhishekmorwal/.m2/repository/org/openjfx/javafx.base/11.0.0-SNAPSHOT/javafx.base-11.0.0-SNAPSHOT.jar:/Users/abhishekmorwal/.m2/repository/org/openjfx/javafx.base/11.0.0-SNAPSHOT/javafx.base-11.0.0-SNAPSHOT-linux.jar:/Users/abhishekmorwal/.m2/repository/org/openjfx/javafx.base/11.0.0-SNAPSHOT/javafx.base-11.0.0-SNAPSHOT-mac.jar:/Users/abhishekmorwal/.m2/repository/org/openjfx/javafx.base/11.0.0-SNAPSHOT/javafx.base-11.0.0-SNAPSHOT-win.jar:/Users/abhishekmorwal/.m2/repository/org/springframework/spring-web/5.0.8.RELEASE/spring-web-5.0.8.RELEASE.jar:/Users/abhishekmorwal/.m2/repository/org/springframework/spring-beans/5.0.8.RELEASE/spring-beans-5.0.8.RELEASE.jar:/Users/abhishekmorwal/.m2/repository/org/springframework/spring-webmvc/5.0.8.RELEASE/spring-webmvc-5.0.8.RELEASE.jar:/Users/abhishekmorwal/.m2/repository/org/springframework/spring-aop/5.0.8.RELEASE/spring-aop-5.0.8.RELEASE.jar:/Users/abhishekmorwal/.m2/repository/org/springframework/spring-context/5.0.8.RELEASE/spring-context-5.0.8.RELEASE.jar:/Users/abhishekmorwal/.m2/repository/org/springframework/spring-expression/5.0.8.RELEASE/spring-expression-5.0.8.RELEASE.jar:/Users/abhishekmorwal/.m2/repository/org/apache/commons/commons-lang3/3.7/commons-lang3-3.7.jar:/Users/abhishekmorwal/.m2/repository/org/springframework/boot/spring-boot-starter-test/2.0.4.RELEASE/spring-boot-starter-test-2.0.4.RELEASE.jar:/Users/abhishekmorwal/.m2/repository/org/springframework/boot/spring-boot-test/2.0.4.RELEASE/spring-boot-test-2.0.4.RELEASE.jar:/Users/abhishekmorwal/.m2/repository/org/springframework/boot/spring-boot-test-autoconfigure/2.0.4.RELEASE/spring-boot-test-autoconfigure-2.0.4.RELEASE.jar:/Users/abhishekmorwal/.m2/repository/com/jayway/jsonpath/json-path/2.4.0/json-path-2.4.0.jar:/Users/abhishekmorwal/.m2/repository/net/minidev/json-smart/2.3/json-smart-2.3.jar:/Users/abhishekmorwal/.m2/repository/net/minidev/accessors-smart/1.2/accessors-smart-1.2.jar:/Users/abhishekmorwal/.m2/repository/org/ow2/asm/asm/5.0.4/asm-5.0.4.jar:/Users/abhishekmorwal/.m2/repository/org/slf4j/slf4j-api/1.7.25/slf4j-api-1.7.25.jar:/Users/abhishekmorwal/.m2/repository/junit/junit/4.12/junit-4.12.jar:/Users/abhishekmorwal/.m2/repository/org/assertj/assertj-core/3.9.1/assertj-core-3.9.1.jar:/Users/abhishekmorwal/.m2/repository/org/mockito/mockito-core/2.15.0/mockito-core-2.15.0.jar:/Users/abhishekmorwal/.m2/repository/net/bytebuddy/byte-buddy/1.7.11/byte-buddy-1.7.11.jar:/Users/abhishekmorwal/.m2/repository/net/bytebuddy/byte-buddy-agent/1.7.11/byte-buddy-agent-1.7.11.jar:/Users/abhishekmorwal/.m2/repository/org/objenesis/objenesis/2.6/objenesis-2.6.jar:/Users/abhishekmorwal/.m2/repository/org/hamcrest/hamcrest-core/1.3/hamcrest-core-1.3.jar:/Users/abhishekmorwal/.m2/repository/org/hamcrest/hamcrest-library/1.3/hamcrest-library-1.3.jar:/Users/abhishekmorwal/.m2/repository/org/skyscreamer/jsonassert/1.5.0/jsonassert-1.5.0.jar:/Users/abhishekmorwal/.m2/repository/com/vaadin/external/google/android-json/0.0.20131108.vaadin1/android-json-0.0.20131108.vaadin1.jar:/Users/abhishekmorwal/.m2/repository/org/springframework/spring-core/5.0.8.RELEASE/spring-core-5.0.8.RELEASE.jar:/Users/abhishekmorwal/.m2/repository/org/springframework/spring-jcl/5.0.8.RELEASE/spring-jcl-5.0.8.RELEASE.jar:/Users/abhishekmorwal/.m2/repository/org/springframework/spring-test/5.0.8.RELEASE/spring-test-5.0.8.RELEASE.jar:/Users/abhishekmorwal/.m2/repository/org/xmlunit/xmlunit-core/2.5.1/xmlunit-core-2.5.1.jar:/Users/abhishekmorwal/.m2/repository/org/springframework/boot/spring-boot-configuration-processor/2.0.4.RELEASE/spring-boot-configuration-processor-2.0.4.RELEASE.jar:/Users/abhishekmorwal/.m2/repository/org/projectlombok/lombok/1.16.22/lombok-1.16.22.jar:"/>
    <property name="sun.cpu.endian" value="little"/>
    <property name="user.home" value="/Users/abhishekmorwal"/>
    <property name="user.language" value="en"/>
    <property name="java.specification.vendor" value="Oracle Corporation"/>
    <property name="java.version.date" value="2025-04-15"/>
    <property name="java.home" value="/Users/abhishekmorwal/Library/Java/JavaVirtualMachines/corretto-11.0.27/Contents/Home"/>
    <property name="file.separator" value="/"/>
    <property name="basedir" value="/Users/abhishekmorwal/Workspace/sample-cart-offer"/>
    <property name="java.vm.compressedOopsMode" value="Zero based"/>
    <property name="line.separator" value="&#10;"/>
    <property name="java.specification.name" value="Java Platform API Specification"/>
    <property name="java.vm.specification.vendor" value="Oracle Corporation"/>
    <property name="java.awt.graphicsenv" value="sun.awt.CGraphicsEnvironment"/>
    <property name="surefire.real.class.path" value="/Users/abhishekmorwal/Workspace/sample-cart-offer/target/surefire/surefirebooter5810969922834503417.jar"/>
    <property name="sun.management.compiler" value="HotSpot 64-Bit Tiered Compilers"/>
    <property name="ftp.nonProxyHosts" value="local|*.local|169.254/16|*.169.254/16"/>
    <property name="java.runtime.version" value="11.0.27+6-LTS"/>
    <property name="user.name" value="abhishekmorwal"/>
    <property name="path.separator" value=":"/>
    <property name="os.version" value="15.3.1"/>
    <property name="java.runtime.name" value="OpenJDK Runtime Environment"/>
    <property name="file.encoding" value="UTF-8"/>
    <property name="java.vm.name" value="OpenJDK 64-Bit Server VM"/>
    <property name="java.vendor.version" value="Corretto-11.0.27.6.1"/>
    <property name="localRepository" value="/Users/abhishekmorwal/.m2/repository"/>
    <property name="java.vendor.url.bug" value="https://github.com/corretto/corretto-11/issues/"/>
    <property name="java.io.tmpdir" value="/var/folders/fb/t6drybp179xfxpg_pw934lkr0000gp/T/"/>
    <property name="java.version" value="11.0.27"/>
    <property name="user.dir" value="/Users/abhishekmorwal/Workspace/sample-cart-offer"/>
    <property name="os.arch" value="x86_64"/>
    <property name="java.vm.specification.name" value="Java Virtual Machine Specification"/>
    <property name="java.awt.printerjob" value="sun.lwawt.macosx.CPrinterJob"/>
    <property name="sun.os.patch.level" value="unknown"/>
    <property name="java.library.path" value="/Users/abhishekmorwal/Library/Java/Extensions:/Library/Java/Extensions:/Network/Library/Java/Extensions:/System/Library/Java/Extensions:/usr/lib/java:."/>
    <property name="java.vm.info" value="mixed mode"/>
    <property name="java.vendor" value="Amazon.com Inc."/>
    <property name="java.vm.version" value="11.0.27+6-LTS"/>
    <property name="java.specification.maintenance.version" value="3"/>
    <property name="sun.io.unicode.encoding" value="UnicodeBig"/>
    <property name="java.class.version" value="55.0"/>
    <property name="socksNonProxyHosts" value="local|*.local|169.254/16|*.169.254/16"/>
  </properties>
  <testcase name="testZeroCartValueWithPercentageOffer" classname="com.springboot.CartOfferApplicationTests" time="0.378"/>
  <testcase name="testNegativeCartValue" classname="com.springboot.CartOfferApplicationTests" time="0.001"/>
  <testcase name="testNonMatchingSegment" classname="com.springboot.CartOfferApplicationTests" time="0.002"/>
  <testcase name="testMultipleOffersWithDifferentSegments" classname="com.springboot.CartOfferApplicationTests" time="0.017"/>
  <testcase name="testNoSegment" classname="com.springboot.CartOfferApplicationTests" time="0.002"/>
  <testcase name="testCustomerNotInSegment" classname="com.springboot.CartOfferApplicationTests" time="0.002"/>
  <testcase name="testEmptyCart" classname="com.springboot.CartOfferApplicationTests" time="0.011"/>
  <testcase name="testFlatXPercentageForP2" classname="com.springboot.CartOfferApplicationTests" time="0.009"/>
  <testcase name="testFlatXPercentageForP3" classname="com.springboot.CartOfferApplicationTests" time="0.009"/>
  <testcase name="testZeroOfferValue" classname="com.springboot.CartOfferApplicationTests" time="0.008"/>
  <testcase name="testFlatXAmountForP2" classname="com.springboot.CartOfferApplicationTests" time="0.009"/>
  <testcase name="testFlatXAmountForP3" classname="com.springboot.CartOfferApplicationTests" time="0.01"/>
  <testcase name="testLargeDiscountValue" classname="com.springboot.CartOfferApplicationTests" time="0.009"/>
  <testcase name="testDiscountMoreThan100" classname="com.springboot.CartOfferApplicationTests" time="0.002"/>
  <testcase name="testFlatXPercentageWithLargeCart" classname="com.springboot.CartOfferApplicationTests" time="0.008"/>
  <testcase name="checkFlatXPercentageForOneSegment" classname="com.springboot.CartOfferApplicationTests" time="0.01"/>
  <testcase name="testInvalidRestaurantId" classname="com.springboot.CartOfferApplicationTests" time="0.002"/>
  <testcase name="checkFlatXForOneSegment" classname="com.springboot.CartOfferApplicationTests" time="0.009"/>
  <testcase name="testMultipleSegments" classname="com.springboot.CartOfferApplicationTests" time="0.008"/>
  <testcase name="testServerDown" classname="com.springboot.CartOfferApplicationTests" time="0.001"/>
  <testcase name="testFlatXAmountWithLargeCart" classname="com.springboot.CartOfferApplicationTests" time="0.008"/>
</testsuite>